2017-01-29 06:07:33.3200|INFO|Microsoft.EntityFrameworkCore.Storage.Internal.RelationalCommandBuilderFactory|Executed DbCommand (0ms) [Parameters=[], CommandType='Text', CommandTimeout='30']
SELECT CASE
    WHEN EXISTS (
        SELECT 1
        FROM [Cities] AS [c])
    THEN CAST(1 AS BIT) ELSE CAST(0 AS BIT)
END
2017-01-29 06:07:33.8629|INFO|Microsoft.EntityFrameworkCore.Storage.Internal.RelationalCommandBuilderFactory|Executed DbCommand (39ms) [Parameters=[@p0='?' (Size = 200), @p1='?' (Size = 50), @p2='?' (Size = 200), @p3='?' (Size = 50), @p4='?' (Size = 200), @p5='?' (Size = 50)], CommandType='Text', CommandTimeout='30']
SET NOCOUNT ON;
DECLARE @toInsert2 TABLE ([Description] nvarchar(200), [Name] nvarchar(50), [_Position] [int]);
INSERT INTO @toInsert2
VALUES (@p0, @p1, 0),
(@p2, @p3, 1),
(@p4, @p5, 2);

DECLARE @inserted2 TABLE ([Id] int, [Description] nvarchar(200), [Name] nvarchar(50), [_Position] [int]);
MERGE [Cities] USING @toInsert2 AS i ON 1=0
WHEN NOT MATCHED THEN
INSERT ([Description], [Name])
VALUES (i.[Description], i.[Name])
OUTPUT INSERTED.[Id], INSERTED.[Description], INSERTED.[Name], i._Position
INTO @inserted2;

SELECT [Id] FROM @inserted2
ORDER BY _Position;
2017-01-29 06:07:33.9410|INFO|Microsoft.EntityFrameworkCore.Storage.Internal.RelationalCommandBuilderFactory|Executed DbCommand (7ms) [Parameters=[@p6='?', @p7='?' (Size = 200), @p8='?' (Size = 50), @p9='?', @p10='?' (Size = 200), @p11='?' (Size = 50), @p12='?', @p13='?' (Size = 200), @p14='?' (Size = 50), @p15='?', @p16='?' (Size = 200), @p17='?' (Size = 50), @p18='?', @p19='?' (Size = 200), @p20='?' (Size = 50), @p21='?', @p22='?' (Size = 200), @p23='?' (Size = 50)], CommandType='Text', CommandTimeout='30']
SET NOCOUNT ON;
DECLARE @toInsert5 TABLE ([CityId] int, [Description] nvarchar(200), [Name] nvarchar(50), [_Position] [int]);
INSERT INTO @toInsert5
VALUES (@p6, @p7, @p8, 0),
(@p9, @p10, @p11, 1),
(@p12, @p13, @p14, 2),
(@p15, @p16, @p17, 3),
(@p18, @p19, @p20, 4),
(@p21, @p22, @p23, 5);

DECLARE @inserted5 TABLE ([Id] int, [CityId] int, [Description] nvarchar(200), [Name] nvarchar(50), [_Position] [int]);
MERGE [PointsOfInterest] USING @toInsert5 AS i ON 1=0
WHEN NOT MATCHED THEN
INSERT ([CityId], [Description], [Name])
VALUES (i.[CityId], i.[Description], i.[Name])
OUTPUT INSERTED.[Id], INSERTED.[CityId], INSERTED.[Description], INSERTED.[Name], i._Position
INTO @inserted5;

SELECT [Id] FROM @inserted5
ORDER BY _Position;
2017-01-29 06:08:41.5975|INFO|Microsoft.EntityFrameworkCore.Storage.Internal.RelationalCommandBuilderFactory|Executed DbCommand (0ms) [Parameters=[], CommandType='Text', CommandTimeout='30']
SELECT CASE
    WHEN EXISTS (
        SELECT 1
        FROM [Cities] AS [c])
    THEN CAST(1 AS BIT) ELSE CAST(0 AS BIT)
END
2017-01-29 06:09:13.5130|INFO|Microsoft.EntityFrameworkCore.Storage.Internal.RelationalCommandBuilderFactory|Executed DbCommand (0ms) [Parameters=[], CommandType='Text', CommandTimeout='30']
SELECT CASE
    WHEN EXISTS (
        SELECT 1
        FROM [Cities] AS [c])
    THEN CAST(1 AS BIT) ELSE CAST(0 AS BIT)
END
2017-01-29 06:17:29.9771|INFO|Microsoft.EntityFrameworkCore.Storage.Internal.RelationalCommandBuilderFactory|Executed DbCommand (0ms) [Parameters=[], CommandType='Text', CommandTimeout='30']
SELECT CASE
    WHEN EXISTS (
        SELECT 1
        FROM [Cities] AS [c])
    THEN CAST(1 AS BIT) ELSE CAST(0 AS BIT)
END
2017-01-29 06:20:16.1673|INFO|Microsoft.EntityFrameworkCore.Storage.Internal.RelationalCommandBuilderFactory|Executed DbCommand (0ms) [Parameters=[], CommandType='Text', CommandTimeout='30']
SELECT CASE
    WHEN EXISTS (
        SELECT 1
        FROM [Cities] AS [c])
    THEN CAST(1 AS BIT) ELSE CAST(0 AS BIT)
END
2017-01-29 06:20:32.3767|INFO|Microsoft.AspNetCore.Hosting.Internal.WebHost|Request starting HTTP/1.1 GET http://localhost:5000/api/cities  
2017-01-29 06:20:32.7732|INFO|Microsoft.EntityFrameworkCore.Storage.Internal.RelationalCommandBuilderFactory|Executed DbCommand (8ms) [Parameters=[], CommandType='Text', CommandTimeout='30']
SELECT OBJECT_ID(N'__EFMigrationsHistory');
2017-01-29 06:20:32.7922|INFO|Microsoft.EntityFrameworkCore.Storage.Internal.RelationalCommandBuilderFactory|Executed DbCommand (0ms) [Parameters=[], CommandType='Text', CommandTimeout='30']
SELECT OBJECT_ID(N'__EFMigrationsHistory');
2017-01-29 06:20:32.8112|INFO|Microsoft.EntityFrameworkCore.Storage.Internal.RelationalCommandBuilderFactory|Executed DbCommand (0ms) [Parameters=[], CommandType='Text', CommandTimeout='30']
SELECT [MigrationId], [ProductVersion]
FROM [__EFMigrationsHistory]
ORDER BY [MigrationId];
2017-01-29 06:20:32.8532|INFO|Microsoft.AspNetCore.Mvc.Internal.ControllerActionInvoker|Executing action method CityInfo.API.Controllers.CitiesController.GetCities (CityInfo.API) with arguments () - ModelState is Valid
2017-01-29 06:20:33.0232|INFO|Microsoft.EntityFrameworkCore.Storage.Internal.RelationalCommandBuilderFactory|Executed DbCommand (0ms) [Parameters=[], CommandType='Text', CommandTimeout='30']
SELECT [c].[Id], [c].[Description], [c].[Name]
FROM [Cities] AS [c]
ORDER BY [c].[Name]
2017-01-29 06:20:33.1292|INFO|Microsoft.AspNetCore.Mvc.Internal.ObjectResultExecutor|Executing ObjectResult, writing value Microsoft.AspNetCore.Mvc.ControllerContext.
2017-01-29 06:20:33.3752|INFO|Microsoft.AspNetCore.Mvc.Internal.ControllerActionInvoker|Executed action CityInfo.API.Controllers.CitiesController.GetCities (CityInfo.API) in 682.4276ms
2017-01-29 06:20:33.3892|INFO|Microsoft.AspNetCore.Hosting.Internal.WebHost|Request finished in 1034.8167ms 200 application/json; charset=utf-8
2017-01-29 06:20:55.4474|INFO|Microsoft.AspNetCore.Hosting.Internal.WebHost|Request starting HTTP/1.1 GET http://localhost:5000/api/cities  
2017-01-29 06:20:55.4664|INFO|Microsoft.EntityFrameworkCore.Storage.Internal.RelationalCommandBuilderFactory|Executed DbCommand (0ms) [Parameters=[], CommandType='Text', CommandTimeout='30']
SELECT OBJECT_ID(N'__EFMigrationsHistory');
2017-01-29 06:20:55.4864|INFO|Microsoft.EntityFrameworkCore.Storage.Internal.RelationalCommandBuilderFactory|Executed DbCommand (0ms) [Parameters=[], CommandType='Text', CommandTimeout='30']
SELECT OBJECT_ID(N'__EFMigrationsHistory');
2017-01-29 06:20:55.4864|INFO|Microsoft.EntityFrameworkCore.Storage.Internal.RelationalCommandBuilderFactory|Executed DbCommand (0ms) [Parameters=[], CommandType='Text', CommandTimeout='30']
SELECT [MigrationId], [ProductVersion]
FROM [__EFMigrationsHistory]
ORDER BY [MigrationId];
2017-01-29 06:20:55.5024|INFO|Microsoft.AspNetCore.Mvc.Internal.ControllerActionInvoker|Executing action method CityInfo.API.Controllers.CitiesController.GetCities (CityInfo.API) with arguments () - ModelState is Valid
2017-01-29 06:20:55.5215|INFO|Microsoft.EntityFrameworkCore.Storage.Internal.RelationalCommandBuilderFactory|Executed DbCommand (0ms) [Parameters=[], CommandType='Text', CommandTimeout='30']
SELECT [c].[Id], [c].[Description], [c].[Name]
FROM [Cities] AS [c]
ORDER BY [c].[Name]
2017-01-29 06:20:55.5215|INFO|Microsoft.AspNetCore.Mvc.Internal.ObjectResultExecutor|Executing ObjectResult, writing value Microsoft.AspNetCore.Mvc.ControllerContext.
2017-01-29 06:20:55.5374|INFO|Microsoft.AspNetCore.Mvc.Internal.ControllerActionInvoker|Executed action CityInfo.API.Controllers.CitiesController.GetCities (CityInfo.API) in 80.3219ms
2017-01-29 06:20:55.5374|INFO|Microsoft.AspNetCore.Hosting.Internal.WebHost|Request finished in 97.5848ms 200 application/json; charset=utf-8
2017-01-29 06:24:08.2268|INFO|Microsoft.EntityFrameworkCore.Storage.Internal.RelationalCommandBuilderFactory|Executed DbCommand (0ms) [Parameters=[], CommandType='Text', CommandTimeout='30']
SELECT CASE
    WHEN EXISTS (
        SELECT 1
        FROM [Cities] AS [c])
    THEN CAST(1 AS BIT) ELSE CAST(0 AS BIT)
END
2017-01-29 06:24:39.0799|INFO|Microsoft.AspNetCore.Hosting.Internal.WebHost|Request starting HTTP/1.1 GET http://localhost:5000/api/cities  
2017-01-29 06:24:39.4538|INFO|Microsoft.EntityFrameworkCore.Storage.Internal.RelationalCommandBuilderFactory|Executed DbCommand (0ms) [Parameters=[], CommandType='Text', CommandTimeout='30']
SELECT OBJECT_ID(N'__EFMigrationsHistory');
2017-01-29 06:24:39.5008|INFO|Microsoft.EntityFrameworkCore.Storage.Internal.RelationalCommandBuilderFactory|Executed DbCommand (9ms) [Parameters=[], CommandType='Text', CommandTimeout='30']
SELECT OBJECT_ID(N'__EFMigrationsHistory');
2017-01-29 06:24:39.5008|INFO|Microsoft.EntityFrameworkCore.Storage.Internal.RelationalCommandBuilderFactory|Executed DbCommand (0ms) [Parameters=[], CommandType='Text', CommandTimeout='30']
SELECT [MigrationId], [ProductVersion]
FROM [__EFMigrationsHistory]
ORDER BY [MigrationId];
2017-01-29 06:24:39.5798|INFO|Microsoft.AspNetCore.Mvc.Internal.ControllerActionInvoker|Executing action method CityInfo.API.Controllers.CitiesController.GetCities (CityInfo.API) with arguments () - ModelState is Valid
2017-01-29 06:24:39.7078|INFO|Microsoft.EntityFrameworkCore.Storage.Internal.RelationalCommandBuilderFactory|Executed DbCommand (0ms) [Parameters=[], CommandType='Text', CommandTimeout='30']
SELECT [c].[Id], [c].[Description], [c].[Name]
FROM [Cities] AS [c]
ORDER BY [c].[Name]
2017-01-29 06:24:39.8138|INFO|Microsoft.AspNetCore.Mvc.Internal.ObjectResultExecutor|Executing ObjectResult, writing value Microsoft.AspNetCore.Mvc.ControllerContext.
2017-01-29 06:24:40.0530|INFO|Microsoft.AspNetCore.Mvc.Internal.ControllerActionInvoker|Executed action CityInfo.API.Controllers.CitiesController.GetCities (CityInfo.API) in 642.6353ms
2017-01-29 06:24:40.0690|INFO|Microsoft.AspNetCore.Hosting.Internal.WebHost|Request finished in 1007.0483ms 200 application/json; charset=utf-8
2017-01-29 06:25:19.6442|INFO|Microsoft.EntityFrameworkCore.Storage.Internal.RelationalCommandBuilderFactory|Executed DbCommand (0ms) [Parameters=[], CommandType='Text', CommandTimeout='30']
SELECT CASE
    WHEN EXISTS (
        SELECT 1
        FROM [Cities] AS [c])
    THEN CAST(1 AS BIT) ELSE CAST(0 AS BIT)
END
2017-01-29 06:25:29.3043|INFO|Microsoft.AspNetCore.Hosting.Internal.WebHost|Request starting HTTP/1.1 GET http://localhost:5000/apoi/cities  
2017-01-29 06:25:29.6113|INFO|Microsoft.AspNetCore.Hosting.Internal.WebHost|Request finished in 321.917ms 404 text/plain
2017-01-29 06:25:34.5861|INFO|Microsoft.AspNetCore.Hosting.Internal.WebHost|Request starting HTTP/1.1 GET http://localhost:5000/api/cities  
2017-01-29 06:25:34.6941|INFO|Microsoft.EntityFrameworkCore.Storage.Internal.RelationalCommandBuilderFactory|Executed DbCommand (0ms) [Parameters=[], CommandType='Text', CommandTimeout='30']
SELECT OBJECT_ID(N'__EFMigrationsHistory');
2017-01-29 06:25:34.7041|INFO|Microsoft.EntityFrameworkCore.Storage.Internal.RelationalCommandBuilderFactory|Executed DbCommand (0ms) [Parameters=[], CommandType='Text', CommandTimeout='30']
SELECT OBJECT_ID(N'__EFMigrationsHistory');
2017-01-29 06:25:34.7241|INFO|Microsoft.EntityFrameworkCore.Storage.Internal.RelationalCommandBuilderFactory|Executed DbCommand (0ms) [Parameters=[], CommandType='Text', CommandTimeout='30']
SELECT [MigrationId], [ProductVersion]
FROM [__EFMigrationsHistory]
ORDER BY [MigrationId];
2017-01-29 06:25:34.7851|INFO|Microsoft.AspNetCore.Mvc.Internal.ControllerActionInvoker|Executing action method CityInfo.API.Controllers.CitiesController.GetCities (CityInfo.API) with arguments () - ModelState is Valid
2017-01-29 06:25:34.9091|INFO|Microsoft.EntityFrameworkCore.Storage.Internal.RelationalCommandBuilderFactory|Executed DbCommand (0ms) [Parameters=[], CommandType='Text', CommandTimeout='30']
SELECT [c].[Id], [c].[Description], [c].[Name]
FROM [Cities] AS [c]
ORDER BY [c].[Name]
2017-01-29 06:25:35.0131|INFO|Microsoft.AspNetCore.Mvc.Internal.ObjectResultExecutor|Executing ObjectResult, writing value Microsoft.AspNetCore.Mvc.ControllerContext.
2017-01-29 06:25:35.2261|INFO|Microsoft.AspNetCore.Mvc.Internal.ControllerActionInvoker|Executed action CityInfo.API.Controllers.CitiesController.GetCities (CityInfo.API) in 570.82ms
2017-01-29 06:25:35.2372|INFO|Microsoft.AspNetCore.Hosting.Internal.WebHost|Request finished in 650.3434ms 200 application/json; charset=utf-8
2017-01-29 06:25:42.4818|INFO|Microsoft.AspNetCore.Hosting.Internal.WebHost|Request starting HTTP/1.1 GET http://localhost:5000/api/cities  
2017-01-29 06:25:42.5038|INFO|Microsoft.EntityFrameworkCore.Storage.Internal.RelationalCommandBuilderFactory|Executed DbCommand (0ms) [Parameters=[], CommandType='Text', CommandTimeout='30']
SELECT OBJECT_ID(N'__EFMigrationsHistory');
2017-01-29 06:25:42.5148|INFO|Microsoft.EntityFrameworkCore.Storage.Internal.RelationalCommandBuilderFactory|Executed DbCommand (0ms) [Parameters=[], CommandType='Text', CommandTimeout='30']
SELECT OBJECT_ID(N'__EFMigrationsHistory');
2017-01-29 06:25:42.5148|INFO|Microsoft.EntityFrameworkCore.Storage.Internal.RelationalCommandBuilderFactory|Executed DbCommand (0ms) [Parameters=[], CommandType='Text', CommandTimeout='30']
SELECT [MigrationId], [ProductVersion]
FROM [__EFMigrationsHistory]
ORDER BY [MigrationId];
2017-01-29 06:25:42.5358|INFO|Microsoft.AspNetCore.Mvc.Internal.ControllerActionInvoker|Executing action method CityInfo.API.Controllers.CitiesController.GetCities (CityInfo.API) with arguments () - ModelState is Valid
2017-01-29 06:25:42.5568|INFO|Microsoft.EntityFrameworkCore.Storage.Internal.RelationalCommandBuilderFactory|Executed DbCommand (0ms) [Parameters=[], CommandType='Text', CommandTimeout='30']
SELECT [c].[Id], [c].[Description], [c].[Name]
FROM [Cities] AS [c]
ORDER BY [c].[Name]
2017-01-29 06:25:42.5618|INFO|Microsoft.AspNetCore.Mvc.Internal.ObjectResultExecutor|Executing ObjectResult, writing value Microsoft.AspNetCore.Mvc.ControllerContext.
2017-01-29 06:25:42.5618|INFO|Microsoft.AspNetCore.Mvc.Internal.ControllerActionInvoker|Executed action CityInfo.API.Controllers.CitiesController.GetCities (CityInfo.API) in 72.9811ms
2017-01-29 06:25:42.5768|INFO|Microsoft.AspNetCore.Hosting.Internal.WebHost|Request finished in 96.4744ms 200 application/json; charset=utf-8
